<?xml version="1.0" encoding="UTF-8"?>
<testng-results skipped="0" failed="0" ignored="0" total="1" passed="1">
  <reporter-output>
  </reporter-output>
  <suite name="Default suite" duration-ms="11237" started-at="2018-12-16T10:02:19Z" finished-at="2018-12-16T10:02:31Z">
    <groups>
    </groups>
    <test name="Default test" duration-ms="11237" started-at="2018-12-16T10:02:19Z" finished-at="2018-12-16T10:02:31Z">
      <class name="MavenPackage.MavenProject.MercuryTest">
        <test-method status="PASS" signature="openbrowser()[pri:0, instance:MavenPackage.MavenProject.MercuryTest@68c4039c]" name="openbrowser" is-config="true" duration-ms="12478" started-at="2018-12-16T10:02:07Z" finished-at="2018-12-16T10:02:19Z">
          <reporter-output>
          </reporter-output>
        </test-method> <!-- openbrowser -->
        <test-method status="PASS" signature="OpenUrl()[pri:0, instance:MavenPackage.MavenProject.MercuryTest@68c4039c]" name="OpenUrl" is-config="true" duration-ms="5204" started-at="2018-12-16T10:02:20Z" finished-at="2018-12-16T10:02:25Z">
          <reporter-output>
          </reporter-output>
        </test-method> <!-- OpenUrl -->
        <test-method status="PASS" signature="validLogin()[pri:1, instance:MavenPackage.MavenProject.MercuryTest@68c4039c]" name="validLogin" duration-ms="5803" started-at="2018-12-16T10:02:25Z" finished-at="2018-12-16T10:02:31Z">
          <reporter-output>
          </reporter-output>
        </test-method> <!-- validLogin -->
        <test-method status="PASS" signature="ClosweBrowser()[pri:0, instance:MavenPackage.MavenProject.MercuryTest@68c4039c]" name="ClosweBrowser" is-config="true" duration-ms="104" started-at="2018-12-16T10:02:32Z" finished-at="2018-12-16T10:02:32Z">
          <reporter-output>
          </reporter-output>
        </test-method> <!-- ClosweBrowser -->
      </class> <!-- MavenPackage.MavenProject.MercuryTest -->
    </test> <!-- Default test -->
  </suite> <!-- Default suite -->
</testng-results>
